0 info it worked if it ends with ok
1 verbose cli [ 'C:\\Program Files\\nodejs\\node.exe',
1 verbose cli   'C:\\Program Files\\nodejs\\node_modules\\npm\\bin\\npm-cli.js',
1 verbose cli   'run-script',
1 verbose cli   'build' ]
2 info using npm@3.8.3
3 info using node@v5.10.1
4 verbose run-script [ 'prebuild', 'build', 'postbuild' ]
5 info lifecycle label-designer@0.0.1~prebuild: label-designer@0.0.1
6 silly lifecycle label-designer@0.0.1~prebuild: no script for prebuild, continuing
7 info lifecycle label-designer@0.0.1~build: label-designer@0.0.1
8 verbose lifecycle label-designer@0.0.1~build: unsafe-perm in lifecycle true
9 verbose lifecycle label-designer@0.0.1~build: PATH: C:\Program Files\nodejs\node_modules\npm\bin\node-gyp-bin;c:\lpains\Label-Designer\node_modules\.bin;C:\Program Files\nodejs;C:\Windows\system32;C:\Windows;C:\Windows\System32\Wbem;C:\Windows\System32\WindowsPowerShell\v1.0\;C:\Program Files\Microsoft SQL Server\120\Tools\Binn\;C:\Program Files\Microsoft SQL Server\Client SDK\ODBC\110\Tools\Binn\;C:\Program Files (x86)\Microsoft SQL Server\120\Tools\Binn\ManagementStudio\;C:\Program Files (x86)\Microsoft SQL Server\120\Tools\Binn\;C:\Program Files (x86)\Microsoft SQL Server\120\DTS\Binn\;C:\Program Files\Microsoft SQL Server\120\DTS\Binn\;C:\Program Files\Microsoft\Web Platform Installer\;C:\Program Files (x86)\Microsoft SQL Server\Client SDK\ODBC\110\Tools\Binn\;C:\Program Files\Microsoft SQL Server\130\Tools\Binn\;C:\Program Files (x86)\Windows Kits\10\Windows Performance Toolkit\;C:\Program Files\nodejs\;C:\Program Files\Git\cmd;C:\Program Files\dotnet\;C:\tools\ruby23\bin;C:\Users\lpains\.dnx\runtimes\dnx-clr-win-x86.1.0.0-rc1-update2\bin;C:\Users\lpains\.dnx\bin;C:\Users\lpains\AppData\Roaming\npm;C:\Program Files (x86)\Microsoft VS Code\bin;C:\ProgramData\chocolatey\bin;C:\Users\lpains\AppData\Local\atom\bin
10 verbose lifecycle label-designer@0.0.1~build: CWD: c:\lpains\Label-Designer
11 silly lifecycle label-designer@0.0.1~build: Args: [ '/d /s /c', 'tsc' ]
12 silly lifecycle label-designer@0.0.1~build: Returned: code: 2  signal: null
13 info lifecycle label-designer@0.0.1~build: Failed to exec build script
14 verbose stack Error: label-designer@0.0.1 build: `tsc`
14 verbose stack Exit status 2
14 verbose stack     at EventEmitter.<anonymous> (C:\Program Files\nodejs\node_modules\npm\lib\utils\lifecycle.js:239:16)
14 verbose stack     at emitTwo (events.js:100:13)
14 verbose stack     at EventEmitter.emit (events.js:185:7)
14 verbose stack     at ChildProcess.<anonymous> (C:\Program Files\nodejs\node_modules\npm\lib\utils\spawn.js:24:14)
14 verbose stack     at emitTwo (events.js:100:13)
14 verbose stack     at ChildProcess.emit (events.js:185:7)
14 verbose stack     at maybeClose (internal/child_process.js:850:16)
14 verbose stack     at Process.ChildProcess._handle.onexit (internal/child_process.js:215:5)
15 verbose pkgid label-designer@0.0.1
16 verbose cwd c:\lpains\Label-Designer
17 error Windows_NT 10.0.10586
18 error argv "C:\\Program Files\\nodejs\\node.exe" "C:\\Program Files\\nodejs\\node_modules\\npm\\bin\\npm-cli.js" "run-script" "build"
19 error node v5.10.1
20 error npm  v3.8.3
21 error code ELIFECYCLE
22 error label-designer@0.0.1 build: `tsc`
22 error Exit status 2
23 error Failed at the label-designer@0.0.1 build script 'tsc'.
23 error Make sure you have the latest version of node.js and npm installed.
23 error If you do, this is most likely a problem with the label-designer package,
23 error not with npm itself.
23 error Tell the author that this fails on your system:
23 error     tsc
23 error You can get information on how to open an issue for this project with:
23 error     npm bugs label-designer
23 error Or if that isn't available, you can get their info via:
23 error     npm owner ls label-designer
23 error There is likely additional logging output above.
24 verbose exit [ 1, true ]
